[2023-02-20 17:51:29.081] [warning] No time bounds set.
[2023-02-20 17:51:29.089] [warning] No time bounds set.
[2023-02-20 17:51:29.093] [info] ========================================================================
[2023-02-20 17:51:29.093] [info] MocoCasADiSolver starting.
[2023-02-20 17:51:29.093] [info] Mon Feb 20 17:51:29 2023
[2023-02-20 17:51:29.093] [info] ------------------------------------------------------------------------
[2023-02-20 17:51:29.093] [cout] [info] Costs: none
[2023-02-20 17:51:29.093] [cout] [info] Endpoint constraints: none
[2023-02-20 17:51:29.094] [cout] [info] Kinematic constraints: none
[2023-02-20 17:51:29.094] [cout] [info] Path constraints: none
[2023-02-20 17:51:29.094] [cout] [info] States: none
[2023-02-20 17:51:29.101] [cout] [info] Controls: none
[2023-02-20 17:51:29.101] [cout] [info] Parameters: none
[2023-02-20 17:51:29.102] [warning] No time bounds set.
[2023-02-20 17:51:29.106] [warning] No time bounds set.
[2023-02-20 17:51:29.110] [warning] No time bounds set.
[2023-02-20 17:51:29.113] [warning] No time bounds set.
[2023-02-20 17:51:29.119] [warning] No time bounds set.
[2023-02-20 17:51:29.123] [warning] No time bounds set.
[2023-02-20 17:51:29.127] [warning] No time bounds set.
[2023-02-20 17:51:29.131] [warning] No time bounds set.
[2023-02-20 17:51:29.135] [info] Number of threads: 8
[2023-02-20 17:51:29.148] [info] Set log level to Info.
[2023-02-20 17:51:29.148] [info] Set log level to Info.
